
PLAY [Show BGP Neighbors] ******************************************************

TASK [BGP Neighbors] ***********************************************************
changed: [router1]
changed: [router3]
changed: [router2]

TASK [Printing Output] *********************************************************
ok: [router1] => {
    "output.stdout_lines": [
        "",
        "BGP neighbor is 192.168.0.122,  remote AS 10, internal link",
        "  BGP version 4, remote router ID 192.168.0.122",
        "  BGP state = Established, up for 02:24:28",
        "  Last read 00:00:33, last write 00:00:05, hold time is 180, keepalive interval is 60 seconds",
        "  Neighbor sessions:",
        "    1 active, is not multisession capable (disabled)",
        "  Neighbor capabilities:",
        "    Route refresh: advertised and received(new)",
        "    Four-octets ASN Capability: advertised and received",
        "    Address family IPv4 Unicast: advertised and received",
        "    Enhanced Refresh Capability: advertised and received",
        "    Multisession Capability: ",
        "    Stateful switchover support enabled: NO for session 1",
        "  Message statistics:",
        "    InQ depth is 0",
        "    OutQ depth is 0",
        "    ",
        "                         Sent       Rcvd",
        "    Opens:                  1          1",
        "    Notifications:          0          0",
        "    Updates:                0          1",
        "    Keepalives:           159        160",
        "    Route Refresh:          0          0",
        "    Total:                160        162",
        "  Default minimum time between advertisement runs is 0 seconds",
        "",
        " For address family: IPv4 Unicast",
        "  Session: 192.168.0.122",
        "  BGP table version 1, neighbor version 1/0",
        "  Output queue size : 0",
        "  Index 1, Advertise bit 0",
        "  1 update-group member",
        "  Slow-peer detection is disabled",
        "  Slow-peer split-update-group dynamic is disabled",
        "  Interface associated: (none)",
        "                                 Sent       Rcvd",
        "  Prefix activity:               ----       ----",
        "    Prefixes Current:               0          0",
        "    Prefixes Total:                 0          0",
        "    Implicit Withdraw:              0          0",
        "    Explicit Withdraw:              0          0",
        "    Used as bestpath:             n/a          0",
        "    Used as multipath:            n/a          0",
        "",
        "                                   Outbound    Inbound",
        "  Local Policy Denied Prefixes:    --------    -------",
        "    Total:                                0          0",
        "  Number of NLRIs in the update sent: max 0, min 0",
        "  Last detected as dynamic slow peer: never",
        "  Dynamic slow peer recovered: never",
        "  Refresh Epoch: 1",
        "  Last Sent Refresh Start-of-rib: never",
        "  Last Sent Refresh End-of-rib: never",
        "  Last Received Refresh Start-of-rib: never",
        "  Last Received Refresh End-of-rib: never",
        "\t\t\t\t       Sent\t  Rcvd",
        "\tRefresh activity:\t       ----\t  ----",
        "\t  Refresh Start-of-RIB          0          0",
        "\t  Refresh End-of-RIB            0          0",
        "",
        "  Address tracking is enabled, the RIB does have a route to 192.168.0.122",
        "  Connections established 2; dropped 1",
        "  Last reset 04:23:05, due to Active open failed",
        "  Transport(tcp) path-mtu-discovery is enabled",
        "  Graceful-Restart is disabled",
        "Connection state is ESTAB, I/O status: 1, unread input bytes: 0            ",
        "Connection is ECN Disabled, Mininum incoming TTL 0, Outgoing TTL 255",
        "Local host: 192.168.0.121, Local port: 15980",
        "Foreign host: 192.168.0.122, Foreign port: 179",
        "Connection tableid (VRF): 0",
        "Maximum output segment queue size: 50",
        "",
        "Enqueued packets for retransmit: 0, input: 0  mis-ordered: 0 (0 bytes)",
        "",
        "Event Timers (current time is 0xFDB99A):",
        "Timer          Starts    Wakeups            Next",
        "Retrans           161          0             0x0",
        "TimeWait            0          0             0x0",
        "AckHold           161        156             0x0",
        "SendWnd             0          0             0x0",
        "KeepAlive           0          0             0x0",
        "GiveUp              0          0             0x0",
        "PmtuAger         7714       7713        0xFDBA01",
        "DeadWait            0          0             0x0",
        "Linger              0          0             0x0",
        "ProcessQ            0          0             0x0",
        "",
        "iss: 1932494011  snduna: 1932497090  sndnxt: 1932497090",
        "irs: 3254402976  rcvnxt: 3254406097",
        "",
        "sndwnd:  16232  scale:      0  maxrcvwnd:  16384",
        "rcvwnd:  16194  scale:      0  delrcvwnd:    190",
        "",
        "SRTT: 1000 ms, RTTO: 1003 ms, RTV: 3 ms, KRTT: 0 ms",
        "minRTT: 0 ms, maxRTT: 1000 ms, ACK hold: 200 ms",
        "uptime: 8668007 ms, Sent idletime: 5516 ms, Receive idletime: 5309 ms ",
        "Status Flags: active open",
        "Option Flags: nagle, path mtu capable",
        "IP Precedence value : 6",
        "",
        "Datagrams (max data segment is 1460 bytes):",
        "Rcvd: 322 (out of order: 0), with data: 162, total data bytes: 3120",
        "Sent: 322 (retransmit: 0, fastretransmit: 0, partialack: 0, Second Congestion: 0), with data: 160, total data bytes: 3078",
        "",
        " Packets received in fast path: 0, fast processed: 0, slow path: 0",
        " fast lock acquisition failures: 0, slow path: 0",
        "TCP Semaphore      0xC50BC264  FREE ",
        "",
        "BGP neighbor is 192.168.0.123,  remote AS 10, internal link",
        "  BGP version 4, remote router ID 192.168.0.123",
        "  BGP state = Established, up for 04:34:04",
        "  Last read 00:00:03, last write 00:00:33, hold time is 180, keepalive interval is 60 seconds",
        "  Neighbor sessions:",
        "    1 active, is not multisession capable (disabled)",
        "  Neighbor capabilities:",
        "    Route refresh: advertised and received(new)",
        "    Four-octets ASN Capability: advertised and received",
        "    Address family IPv4 Unicast: advertised and received",
        "    Enhanced Refresh Capability: advertised and received",
        "    Multisession Capability: ",
        "    Stateful switchover support enabled: NO for session 1",
        "  Message statistics:",
        "    InQ depth is 0",
        "    OutQ depth is 0",
        "    ",
        "                         Sent       Rcvd",
        "    Opens:                  1          1",
        "    Notifications:          0          0",
        "    Updates:                1          0",
        "    Keepalives:           300        302",
        "    Route Refresh:          0          0",
        "    Total:                304        303",
        "  Default minimum time between advertisement runs is 0 seconds",
        "",
        " For address family: IPv4 Unicast",
        "  Session: 192.168.0.123",
        "  BGP table version 1, neighbor version 1/0",
        "  Output queue size : 0",
        "  Index 1, Advertise bit 0",
        "  1 update-group member",
        "  Slow-peer detection is disabled",
        "  Slow-peer split-update-group dynamic is disabled",
        "  Interface associated: (none)",
        "                                 Sent       Rcvd",
        "  Prefix activity:               ----       ----",
        "    Prefixes Current:               0          0",
        "    Prefixes Total:                 0          0",
        "    Implicit Withdraw:              0          0",
        "    Explicit Withdraw:              0          0",
        "    Used as bestpath:             n/a          0",
        "    Used as multipath:            n/a          0",
        "",
        "                                   Outbound    Inbound",
        "  Local Policy Denied Prefixes:    --------    -------",
        "    Total:                                0          0",
        "  Number of NLRIs in the update sent: max 0, min 0",
        "  Last detected as dynamic slow peer: never",
        "  Dynamic slow peer recovered: never",
        "  Refresh Epoch: 1",
        "  Last Sent Refresh Start-of-rib: 04:23:05",
        "  Last Sent Refresh End-of-rib: 04:23:05",
        "  Refresh-Out took 0 seconds",
        "  Last Received Refresh Start-of-rib: never",
        "  Last Received Refresh End-of-rib: never",
        "\t\t\t\t       Sent\t  Rcvd",
        "\tRefresh activity:\t       ----\t  ----",
        "\t  Refresh Start-of-RIB          1          0",
        "\t  Refresh End-of-RIB            1          0",
        "",
        "  Address tracking is enabled, the RIB does have a route to 192.168.0.123",
        "  Connections established 1; dropped 0",
        "  Last reset never",
        "  Transport(tcp) path-mtu-discovery is enabled",
        "  Graceful-Restart is disabled",
        "Connection state is ESTAB, I/O status: 1, unread input bytes: 0            ",
        "Connection is ECN Disabled, Mininum incoming TTL 0, Outgoing TTL 255",
        "Local host: 192.168.0.121, Local port: 11413",
        "Foreign host: 192.168.0.123, Foreign port: 179",
        "Connection tableid (VRF): 0",
        "Maximum output segment queue size: 50",
        "",
        "Enqueued packets for retransmit: 0, input: 0  mis-ordered: 0 (0 bytes)",
        "",
        "Event Timers (current time is 0xFDB99A):",
        "Timer          Starts    Wakeups            Next",
        "Retrans           304          0             0x0",
        "TimeWait            0          0             0x0",
        "AckHold           303        295             0x0",
        "SendWnd             0          0             0x0",
        "KeepAlive           0          0             0x0",
        "GiveUp              0          0             0x0",
        "PmtuAger        15484      15483        0xFDBA69",
        "DeadWait            0          0             0x0",
        "Linger              0          0             0x0",
        "ProcessQ            0          0             0x0",
        "",
        "iss: 3702672737  snduna: 3702678564  sndnxt: 3702678564",
        "irs:  758547927  rcvnxt:  758553723",
        "",
        "sndwnd:  14959  scale:      0  maxrcvwnd:  16384",
        "rcvwnd:  14978  scale:      0  delrcvwnd:   1406",
        "",
        "SRTT: 1000 ms, RTTO: 1003 ms, RTV: 3 ms, KRTT: 0 ms",
        "minRTT: 0 ms, maxRTT: 1000 ms, ACK hold: 200 ms",
        "uptime: 16444809 ms, Sent idletime: 3175 ms, Receive idletime: 3382 ms ",
        "Status Flags: active open",
        "Option Flags: nagle, path mtu capable",
        "IP Precedence value : 6",
        "",
        "Datagrams (max data segment is 1460 bytes):",
        "Rcvd: 601 (out of order: 0), with data: 303, total data bytes: 5795",
        "Sent: 605 (retransmit: 0, fastretransmit: 0, partialack: 0, Second Congestion: 0), with data: 304, total data bytes: 5826",
        "",
        " Packets received in fast path: 0, fast processed: 0, slow path: 0",
        " fast lock acquisition failures: 0, slow path: 0",
        "TCP Semaphore      0xC50BC2D4  FREE "
    ]
}
ok: [router2] => {
    "output.stdout_lines": [
        "",
        "BGP neighbor is 192.168.0.121,  remote AS 10, internal link",
        "  BGP version 4, remote router ID 124.124.124.124",
        "  BGP state = Established, up for 02:24:28",
        "  Last read 00:00:05, last write 00:00:33, hold time is 180, keepalive interval is 60 seconds",
        "  Neighbor sessions:",
        "    1 active, is not multisession capable (disabled)",
        "  Neighbor capabilities:",
        "    Route refresh: advertised and received(new)",
        "    Four-octets ASN Capability: advertised and received",
        "    Address family IPv4 Unicast: advertised and received",
        "    Enhanced Refresh Capability: advertised and received",
        "    Multisession Capability: ",
        "    Stateful switchover support enabled: NO for session 1",
        "  Message statistics:",
        "    InQ depth is 0",
        "    OutQ depth is 0",
        "    ",
        "                         Sent       Rcvd",
        "    Opens:                  1          1",
        "    Notifications:          0          0",
        "    Updates:                1          0",
        "    Keepalives:           160        159",
        "    Route Refresh:          0          0",
        "    Total:                162        160",
        "  Default minimum time between advertisement runs is 0 seconds",
        "",
        " For address family: IPv4 Unicast",
        "  Session: 192.168.0.121",
        "  BGP table version 1, neighbor version 1/0",
        "  Output queue size : 0",
        "  Index 1, Advertise bit 0",
        "  1 update-group member",
        "  Slow-peer detection is disabled",
        "  Slow-peer split-update-group dynamic is disabled",
        "  Interface associated: (none)",
        "                                 Sent       Rcvd",
        "  Prefix activity:               ----       ----",
        "    Prefixes Current:               0          0",
        "    Prefixes Total:                 0          0",
        "    Implicit Withdraw:              0          0",
        "    Explicit Withdraw:              0          0",
        "    Used as bestpath:             n/a          0",
        "    Used as multipath:            n/a          0",
        "",
        "                                   Outbound    Inbound",
        "  Local Policy Denied Prefixes:    --------    -------",
        "    Total:                                0          0",
        "  Number of NLRIs in the update sent: max 0, min 0",
        "  Last detected as dynamic slow peer: never",
        "  Dynamic slow peer recovered: never",
        "  Refresh Epoch: 1",
        "  Last Sent Refresh Start-of-rib: never",
        "  Last Sent Refresh End-of-rib: never",
        "  Last Received Refresh Start-of-rib: never",
        "  Last Received Refresh End-of-rib: never",
        "\t\t\t\t       Sent\t  Rcvd",
        "\tRefresh activity:\t       ----\t  ----",
        "\t  Refresh Start-of-RIB          0          0",
        "\t  Refresh End-of-RIB            0          0",
        "",
        "  Address tracking is enabled, the RIB does have a route to 192.168.0.121",
        "  Connections established 1; dropped 0",
        "  Last reset never",
        "  Transport(tcp) path-mtu-discovery is enabled",
        "  Graceful-Restart is disabled",
        "Connection state is ESTAB, I/O status: 1, unread input bytes: 0            ",
        "Connection is ECN Disabled, Mininum incoming TTL 0, Outgoing TTL 255",
        "Local host: 192.168.0.122, Local port: 179",
        "Foreign host: 192.168.0.121, Foreign port: 15980",
        "Connection tableid (VRF): 0",
        "Maximum output segment queue size: 50",
        "",
        "Enqueued packets for retransmit: 0, input: 0  mis-ordered: 0 (0 bytes)",
        "",
        "Event Timers (current time is 0xEF867D):",
        "Timer          Starts    Wakeups            Next",
        "Retrans           161          0             0x0",
        "TimeWait            0          0             0x0",
        "AckHold           160        156             0x0",
        "SendWnd             0          0             0x0",
        "KeepAlive           0          0             0x0",
        "GiveUp              0          0             0x0",
        "PmtuAger            0          0             0x0",
        "DeadWait            0          0             0x0",
        "Linger              0          0             0x0",
        "ProcessQ            0          0             0x0",
        "",
        "iss: 3254402976  snduna: 3254406097  sndnxt: 3254406097",
        "irs: 1932494011  rcvnxt: 1932497090",
        "",
        "sndwnd:  16194  scale:      0  maxrcvwnd:  16384",
        "rcvwnd:  16232  scale:      0  delrcvwnd:    152",
        "",
        "SRTT: 1000 ms, RTTO: 1003 ms, RTV: 3 ms, KRTT: 0 ms",
        "minRTT: 0 ms, maxRTT: 1000 ms, ACK hold: 200 ms",
        "uptime: 8668166 ms, Sent idletime: 5468 ms, Receive idletime: 5675 ms ",
        "Status Flags: passive open, gen tcbs",
        "Option Flags: nagle, path mtu capable",
        "IP Precedence value : 6",
        "",
        "Datagrams (max data segment is 1460 bytes):",
        "Rcvd: 322 (out of order: 0), with data: 160, total data bytes: 3078",
        "Sent: 322 (retransmit: 0, fastretransmit: 0, partialack: 0, Second Congestion: 0), with data: 162, total data bytes: 3120",
        "",
        " Packets received in fast path: 0, fast processed: 0, slow path: 0",
        " fast lock acquisition failures: 0, slow path: 0",
        "TCP Semaphore      0xC50C0004  FREE ",
        "",
        "BGP neighbor is 192.168.0.123,  remote AS 10, internal link",
        "  BGP version 4, remote router ID 192.168.0.123",
        "  BGP state = Established, up for 02:24:24",
        "  Last read 00:00:26, last write 00:00:18, hold time is 180, keepalive interval is 60 seconds",
        "  Neighbor sessions:",
        "    1 active, is not multisession capable (disabled)",
        "  Neighbor capabilities:",
        "    Route refresh: advertised and received(new)",
        "    Four-octets ASN Capability: advertised and received",
        "    Address family IPv4 Unicast: advertised and received",
        "    Enhanced Refresh Capability: advertised and received",
        "    Multisession Capability: ",
        "    Stateful switchover support enabled: NO for session 1",
        "  Message statistics:",
        "    InQ depth is 0",
        "    OutQ depth is 0",
        "    ",
        "                         Sent       Rcvd",
        "    Opens:                  1          1",
        "    Notifications:          0          0",
        "    Updates:                0          0",
        "    Keepalives:           159        159",
        "    Route Refresh:          0          0",
        "    Total:                160        160",
        "  Default minimum time between advertisement runs is 0 seconds",
        "",
        " For address family: IPv4 Unicast",
        "  Session: 192.168.0.123",
        "  BGP table version 1, neighbor version 1/0",
        "  Output queue size : 0",
        "  Index 1, Advertise bit 0",
        "  1 update-group member",
        "  Slow-peer detection is disabled",
        "  Slow-peer split-update-group dynamic is disabled",
        "  Interface associated: (none)",
        "                                 Sent       Rcvd",
        "  Prefix activity:               ----       ----",
        "    Prefixes Current:               0          0",
        "    Prefixes Total:                 0          0",
        "    Implicit Withdraw:              0          0",
        "    Explicit Withdraw:              0          0",
        "    Used as bestpath:             n/a          0",
        "    Used as multipath:            n/a          0",
        "",
        "                                   Outbound    Inbound",
        "  Local Policy Denied Prefixes:    --------    -------",
        "    Total:                                0          0",
        "  Number of NLRIs in the update sent: max 0, min 0",
        "  Last detected as dynamic slow peer: never",
        "  Dynamic slow peer recovered: never",
        "  Refresh Epoch: 1",
        "  Last Sent Refresh Start-of-rib: never",
        "  Last Sent Refresh End-of-rib: never",
        "  Last Received Refresh Start-of-rib: never",
        "  Last Received Refresh End-of-rib: never",
        "\t\t\t\t       Sent\t  Rcvd",
        "\tRefresh activity:\t       ----\t  ----",
        "\t  Refresh Start-of-RIB          0          0",
        "\t  Refresh End-of-RIB            0          0",
        "",
        "  Address tracking is enabled, the RIB does have a route to 192.168.0.123",
        "  Connections established 1; dropped 0",
        "  Last reset never",
        "  Transport(tcp) path-mtu-discovery is enabled",
        "  Graceful-Restart is disabled",
        "Connection state is ESTAB, I/O status: 1, unread input bytes: 0            ",
        "Connection is ECN Disabled, Mininum incoming TTL 0, Outgoing TTL 255",
        "Local host: 192.168.0.122, Local port: 179",
        "Foreign host: 192.168.0.123, Foreign port: 55493",
        "Connection tableid (VRF): 0",
        "Maximum output segment queue size: 50",
        "",
        "Enqueued packets for retransmit: 0, input: 0  mis-ordered: 0 (0 bytes)",
        "",
        "Event Timers (current time is 0xEF867E):",
        "Timer          Starts    Wakeups            Next",
        "Retrans           160          0             0x0",
        "TimeWait            0          0             0x0",
        "AckHold           160        157             0x0",
        "SendWnd             0          0             0x0",
        "KeepAlive           0          0             0x0",
        "GiveUp              0          0             0x0",
        "PmtuAger            0          0             0x0",
        "DeadWait            0          0             0x0",
        "Linger              0          0             0x0",
        "ProcessQ            0          0             0x0",
        "",
        "iss:  267026878  snduna:  267029957  sndnxt:  267029957",
        "irs: 3850737561  rcvnxt: 3850740640",
        "",
        "sndwnd:  16232  scale:      0  maxrcvwnd:  16384",
        "rcvwnd:  16232  scale:      0  delrcvwnd:    152",
        "",
        "SRTT: 1000 ms, RTTO: 1003 ms, RTV: 3 ms, KRTT: 0 ms",
        "minRTT: 0 ms, maxRTT: 1000 ms, ACK hold: 200 ms",
        "uptime: 8664029 ms, Sent idletime: 18041 ms, Receive idletime: 17833 ms ",
        "Status Flags: passive open, gen tcbs",
        "Option Flags: nagle, path mtu capable",
        "IP Precedence value : 6",
        "",
        "Datagrams (max data segment is 1460 bytes):",
        "Rcvd: 321 (out of order: 0), with data: 160, total data bytes: 3078",
        "Sent: 321 (retransmit: 0, fastretransmit: 0, partialack: 0, Second Congestion: 0), with data: 160, total data bytes: 3078",
        "",
        " Packets received in fast path: 0, fast processed: 0, slow path: 0",
        " fast lock acquisition failures: 0, slow path: 0",
        "TCP Semaphore      0xC50BFF94  FREE "
    ]
}
ok: [router3] => {
    "output.stdout_lines": [
        "",
        "BGP neighbor is 192.168.0.121,  remote AS 10, internal link",
        "  BGP version 4, remote router ID 124.124.124.124",
        "  BGP state = Established, up for 04:34:04",
        "  Last read 00:00:33, last write 00:00:03, hold time is 180, keepalive interval is 60 seconds",
        "  Neighbor sessions:",
        "    1 active, is not multisession capable (disabled)",
        "  Neighbor capabilities:",
        "    Route refresh: advertised and received(new)",
        "    Four-octets ASN Capability: advertised and received",
        "    Address family IPv4 Unicast: advertised and received",
        "    Enhanced Refresh Capability: advertised and received",
        "    Multisession Capability: ",
        "    Stateful switchover support enabled: NO for session 1",
        "  Message statistics:",
        "    InQ depth is 0",
        "    OutQ depth is 0",
        "    ",
        "                         Sent       Rcvd",
        "    Opens:                  1          1",
        "    Notifications:          0          0",
        "    Updates:                0          1",
        "    Keepalives:           302        300",
        "    Route Refresh:          0          0",
        "    Total:                303        304",
        "  Default minimum time between advertisement runs is 0 seconds",
        "",
        " For address family: IPv4 Unicast",
        "  Session: 192.168.0.121",
        "  BGP table version 1, neighbor version 1/0",
        "  Output queue size : 0",
        "  Index 1, Advertise bit 0",
        "  1 update-group member",
        "  Slow-peer detection is disabled",
        "  Slow-peer split-update-group dynamic is disabled",
        "  Interface associated: (none)",
        "                                 Sent       Rcvd",
        "  Prefix activity:               ----       ----",
        "    Prefixes Current:               0          0",
        "    Prefixes Total:                 0          0",
        "    Implicit Withdraw:              0          0",
        "    Explicit Withdraw:              0          0",
        "    Used as bestpath:             n/a          0",
        "    Used as multipath:            n/a          0",
        "",
        "                                   Outbound    Inbound",
        "  Local Policy Denied Prefixes:    --------    -------",
        "    Total:                                0          0",
        "  Number of NLRIs in the update sent: max 0, min 0",
        "  Last detected as dynamic slow peer: never",
        "  Dynamic slow peer recovered: never",
        "  Refresh Epoch: 2",
        "  Last Sent Refresh Start-of-rib: never",
        "  Last Sent Refresh End-of-rib: never",
        "  Last Received Refresh Start-of-rib: 04:23:05",
        "  Last Received Refresh End-of-rib: 04:23:05",
        "  Refresh-In took 0 seconds",
        "\t\t\t\t       Sent\t  Rcvd",
        "\tRefresh activity:\t       ----\t  ----",
        "\t  Refresh Start-of-RIB          0          1",
        "\t  Refresh End-of-RIB            0          1",
        "",
        "  Address tracking is enabled, the RIB does have a route to 192.168.0.121",
        "  Connections established 1; dropped 0",
        "  Last reset never",
        "  Transport(tcp) path-mtu-discovery is enabled",
        "  Graceful-Restart is disabled",
        "Connection state is ESTAB, I/O status: 1, unread input bytes: 0            ",
        "Connection is ECN Disabled, Mininum incoming TTL 0, Outgoing TTL 255",
        "Local host: 192.168.0.123, Local port: 179",
        "Foreign host: 192.168.0.121, Foreign port: 11413",
        "Connection tableid (VRF): 0",
        "Maximum output segment queue size: 50",
        "",
        "Enqueued packets for retransmit: 0, input: 0  mis-ordered: 0 (0 bytes)",
        "",
        "Event Timers (current time is 0xFDB9F1):",
        "Timer          Starts    Wakeups            Next",
        "Retrans           303          0             0x0",
        "TimeWait            0          0             0x0",
        "AckHold           303        292             0x0",
        "SendWnd             0          0             0x0",
        "KeepAlive           0          0             0x0",
        "GiveUp              0          0             0x0",
        "PmtuAger            0          0             0x0",
        "DeadWait            0          0             0x0",
        "Linger              0          0             0x0",
        "ProcessQ            0          0             0x0",
        "",
        "iss:  758547927  snduna:  758553723  sndnxt:  758553723",
        "irs: 3702672737  rcvnxt: 3702678564",
        "",
        "sndwnd:  14978  scale:      0  maxrcvwnd:  16384",
        "rcvwnd:  14959  scale:      0  delrcvwnd:   1425",
        "",
        "SRTT: 1000 ms, RTTO: 1003 ms, RTV: 3 ms, KRTT: 0 ms",
        "minRTT: 1 ms, maxRTT: 1000 ms, ACK hold: 200 ms",
        "uptime: 16444895 ms, Sent idletime: 3469 ms, Receive idletime: 3260 ms ",
        "Status Flags: passive open, gen tcbs",
        "Option Flags: nagle, path mtu capable",
        "IP Precedence value : 6",
        "",
        "Datagrams (max data segment is 1460 bytes):",
        "Rcvd: 605 (out of order: 0), with data: 304, total data bytes: 5826",
        "Sent: 601 (retransmit: 0, fastretransmit: 0, partialack: 0, Second Congestion: 0), with data: 303, total data bytes: 5795",
        "",
        " Packets received in fast path: 0, fast processed: 0, slow path: 0",
        " fast lock acquisition failures: 0, slow path: 0",
        "TCP Semaphore      0xC509E85C  FREE ",
        "",
        "BGP neighbor is 192.168.0.122,  remote AS 10, internal link",
        "  BGP version 4, remote router ID 192.168.0.122",
        "  BGP state = Established, up for 02:24:23",
        "  Last read 00:00:17, last write 00:00:26, hold time is 180, keepalive interval is 60 seconds",
        "  Neighbor sessions:",
        "    1 active, is not multisession capable (disabled)",
        "  Neighbor capabilities:",
        "    Route refresh: advertised and received(new)",
        "    Four-octets ASN Capability: advertised and received",
        "    Address family IPv4 Unicast: advertised and received",
        "    Enhanced Refresh Capability: advertised and received",
        "    Multisession Capability: ",
        "    Stateful switchover support enabled: NO for session 1",
        "  Message statistics:",
        "    InQ depth is 0",
        "    OutQ depth is 0",
        "    ",
        "                         Sent       Rcvd",
        "    Opens:                  1          1",
        "    Notifications:          0          0",
        "    Updates:                0          0",
        "    Keepalives:           159        159",
        "    Route Refresh:          0          0",
        "    Total:                160        160",
        "  Default minimum time between advertisement runs is 0 seconds",
        "",
        " For address family: IPv4 Unicast",
        "  Session: 192.168.0.122",
        "  BGP table version 1, neighbor version 1/0",
        "  Output queue size : 0",
        "  Index 1, Advertise bit 0",
        "  1 update-group member",
        "  Slow-peer detection is disabled",
        "  Slow-peer split-update-group dynamic is disabled",
        "  Interface associated: (none)",
        "                                 Sent       Rcvd",
        "  Prefix activity:               ----       ----",
        "    Prefixes Current:               0          0",
        "    Prefixes Total:                 0          0",
        "    Implicit Withdraw:              0          0",
        "    Explicit Withdraw:              0          0",
        "    Used as bestpath:             n/a          0",
        "    Used as multipath:            n/a          0",
        "",
        "                                   Outbound    Inbound",
        "  Local Policy Denied Prefixes:    --------    -------",
        "    Total:                                0          0",
        "  Number of NLRIs in the update sent: max 0, min 0",
        "  Last detected as dynamic slow peer: never",
        "  Dynamic slow peer recovered: never",
        "  Refresh Epoch: 1",
        "  Last Sent Refresh Start-of-rib: never",
        "  Last Sent Refresh End-of-rib: never",
        "  Last Received Refresh Start-of-rib: never",
        "  Last Received Refresh End-of-rib: never",
        "\t\t\t\t       Sent\t  Rcvd",
        "\tRefresh activity:\t       ----\t  ----",
        "\t  Refresh Start-of-RIB          0          0",
        "\t  Refresh End-of-RIB            0          0",
        "",
        "  Address tracking is enabled, the RIB does have a route to 192.168.0.122",
        "  Connections established 2; dropped 1",
        "  Last reset 04:22:36, due to Active open failed",
        "  Transport(tcp) path-mtu-discovery is enabled",
        "  Graceful-Restart is disabled",
        "Connection state is ESTAB, I/O status: 1, unread input bytes: 0            ",
        "Connection is ECN Disabled, Mininum incoming TTL 0, Outgoing TTL 255",
        "Local host: 192.168.0.123, Local port: 55493",
        "Foreign host: 192.168.0.122, Foreign port: 179",
        "Connection tableid (VRF): 0",
        "Maximum output segment queue size: 50",
        "",
        "Enqueued packets for retransmit: 0, input: 0  mis-ordered: 0 (0 bytes)",
        "",
        "Event Timers (current time is 0xFDB9F1):",
        "Timer          Starts    Wakeups            Next",
        "Retrans           161          0             0x0",
        "TimeWait            0          0             0x0",
        "AckHold           160        156             0x0",
        "SendWnd             0          0             0x0",
        "KeepAlive           0          0             0x0",
        "GiveUp              0          0             0x0",
        "PmtuAger         7710       7709        0xFDBD65",
        "DeadWait            0          0             0x0",
        "Linger              0          0             0x0",
        "ProcessQ            0          0             0x0",
        "",
        "iss: 3850737561  snduna: 3850740640  sndnxt: 3850740640",
        "irs:  267026878  rcvnxt:  267029957",
        "",
        "sndwnd:  16232  scale:      0  maxrcvwnd:  16384",
        "rcvwnd:  16232  scale:      0  delrcvwnd:    152",
        "",
        "SRTT: 1000 ms, RTTO: 1003 ms, RTV: 3 ms, KRTT: 0 ms",
        "minRTT: 0 ms, maxRTT: 1000 ms, ACK hold: 200 ms",
        "uptime: 8663956 ms, Sent idletime: 17760 ms, Receive idletime: 17968 ms ",
        "Status Flags: active open",
        "Option Flags: nagle, path mtu capable",
        "IP Precedence value : 6",
        "",
        "Datagrams (max data segment is 1460 bytes):",
        "Rcvd: 321 (out of order: 0), with data: 160, total data bytes: 3078",
        "Sent: 321 (retransmit: 0, fastretransmit: 0, partialack: 0, Second Congestion: 0), with data: 160, total data bytes: 3078",
        "",
        " Packets received in fast path: 0, fast processed: 0, slow path: 0",
        " fast lock acquisition failures: 0, slow path: 0",
        "TCP Semaphore      0xC509E8CC  FREE "
    ]
}

PLAY RECAP *********************************************************************
router1                    : ok=2    changed=1    unreachable=0    failed=0    skipped=0    rescued=0    ignored=0   
router2                    : ok=2    changed=1    unreachable=0    failed=0    skipped=0    rescued=0    ignored=0   
router3                    : ok=2    changed=1    unreachable=0    failed=0    skipped=0    rescued=0    ignored=0   

